
  [1m[35m (18.4ms)[0m  [1m[35mCREATE TABLE `schema_migrations` (`version` varchar(255) PRIMARY KEY) ENGINE=InnoDB[0m
  [1m[35m (3.5ms)[0m  [1m[35mCREATE TABLE `ar_internal_metadata` (`key` varchar(255) PRIMARY KEY, `value` varchar(255), `created_at` datetime NOT NULL, `updated_at` datetime NOT NULL) ENGINE=InnoDB[0m
  [1m[35m (0.4ms)[0m  [1m[34mSELECT DATABASE() as db[0m
  [1m[35m (0.4ms)[0m  [1m[34mSELECT GET_LOCK('6397578448967400135', 0);[0m
  [1m[36mActiveRecord::SchemaMigration Load (0.5ms)[0m  [1m[34mSELECT `schema_migrations`.* FROM `schema_migrations`[0m
Migrating to CreateUsers (20160921090733)
  [1m[35m (5.0ms)[0m  [1m[35mCREATE TABLE `users` (`id` int AUTO_INCREMENT PRIMARY KEY, `username` varchar(255), `name` varchar(255), `api_key` varchar(255), `created_at` datetime NOT NULL, `updated_at` datetime NOT NULL) ENGINE=InnoDB[0m
  [1m[35m (0.3ms)[0m  [1m[35mBEGIN[0m
  [1m[35mSQL (1.3ms)[0m  [1m[32mINSERT INTO `schema_migrations` (`version`) VALUES ('20160921090733')[0m
  [1m[35m (1.5ms)[0m  [1m[35mCOMMIT[0m
Migrating to CreateMerits (20160922092538)
  [1m[35m (4.6ms)[0m  [1m[35mCREATE TABLE `merits` (`id` int AUTO_INCREMENT PRIMARY KEY, `username` varchar(255), `created_at` datetime NOT NULL, `updated_at` datetime NOT NULL) ENGINE=InnoDB[0m
  [1m[35m (0.2ms)[0m  [1m[35mBEGIN[0m
  [1m[35mSQL (0.4ms)[0m  [1m[32mINSERT INTO `schema_migrations` (`version`) VALUES ('20160922092538')[0m
  [1m[35m (1.1ms)[0m  [1m[35mCOMMIT[0m
  [1m[36mActiveRecord::InternalMetadata Load (0.5ms)[0m  [1m[34mSELECT  `ar_internal_metadata`.* FROM `ar_internal_metadata` WHERE `ar_internal_metadata`.`key` = 'environment' LIMIT 1[0m
  [1m[35m (0.3ms)[0m  [1m[35mBEGIN[0m
  [1m[35mSQL (0.3ms)[0m  [1m[32mINSERT INTO `ar_internal_metadata` (`key`, `value`, `created_at`, `updated_at`) VALUES ('environment', 'development', '2016-09-29 11:29:19', '2016-09-29 11:29:19')[0m
  [1m[35m (0.9ms)[0m  [1m[35mCOMMIT[0m
  [1m[35m (0.3ms)[0m  [1m[34mSELECT RELEASE_LOCK('6397578448967400135')[0m
  [1m[36mActiveRecord::SchemaMigration Load (0.3ms)[0m  [1m[34mSELECT `schema_migrations`.* FROM `schema_migrations`[0m
  [1m[35m (0.3ms)[0m  [1m[35mSHOW CREATE TABLE `merits`[0m
  [1m[35m (0.4ms)[0m  [1m[35mSHOW TABLE STATUS LIKE 'merits'[0m
  [1m[35m (0.4ms)[0m  [1m[35mSHOW CREATE TABLE `users`[0m
  [1m[35m (0.5ms)[0m  [1m[35mSHOW TABLE STATUS LIKE 'users'[0m
  [1m[35m (0.7ms)[0m  [1m[34mSELECT fk.referenced_table_name as 'to_table'
      ,fk.referenced_column_name as 'primary_key'
      ,fk.column_name as 'column'
      ,fk.constraint_name as 'name'
FROM information_schema.key_column_usage fk
WHERE fk.referenced_column_name is not null
  AND fk.table_schema = 'boyscoutting_development'
  AND fk.table_name = 'merits'
[0m
  [1m[35m (0.8ms)[0m  [1m[34mSELECT fk.referenced_table_name as 'to_table'
      ,fk.referenced_column_name as 'primary_key'
      ,fk.column_name as 'column'
      ,fk.constraint_name as 'name'
FROM information_schema.key_column_usage fk
WHERE fk.referenced_column_name is not null
  AND fk.table_schema = 'boyscoutting_development'
  AND fk.table_name = 'users'
[0m
